<?xml version="1.0" encoding="UTF-8"?>
<!-- Generated by org.testng.reporters.JUnitReportReporter -->
<testsuite hostname="LTIN251660" failures="0" tests="21" name="TestCases.Tests" time="48.946" errors="0" timestamp="2024-03-04T23:54:22 IST" skipped="0">
  <testcase classname="TestCases.Tests" name="open_travel_insurance" time="0.358"/>
  <testcase classname="TestCases.Tests" name="select_destination" time="3.962"/>
  <testcase classname="TestCases.Tests" name="next_Fuctionality" time="2.233"/>
  <testcase classname="TestCases.Tests" name="click_Date" time="0.304"/>
  <testcase classname="TestCases.Tests" name="select_Date" time="1.245"/>
  <testcase classname="TestCases.Tests" name="click_No_of_persons" time="0.305"/>
  <testcase classname="TestCases.Tests" name="drop_1" time="0.610"/>
  <testcase classname="TestCases.Tests" name="drop_2_and_Next" time="0.806"/>
  <testcase classname="TestCases.Tests" name="press_no" time="0.575"/>
  <testcase classname="TestCases.Tests" name="next_click_no" time="0.027"/>
  <testcase classname="TestCases.Tests" name="enter_mob_no" time="1.561"/>
  <testcase classname="TestCases.Tests" name="press_Viewplan" time="0.239"/>
  <testcase classname="TestCases.Tests" name="lowest_prices_of_three_insurances" time="15.522"/>
  <testcase classname="TestCases.Tests" name="print_First_Three_companies" time="0.596"/>
  <testcase classname="TestCases.Tests" name="go_To_Home_Page" time="1.849"/>
  <testcase classname="TestCases.Tests" name="open_car_insurance" time="0.377"/>
  <testcase classname="TestCases.Tests" name="enter_new_car_details" time="7.863"/>
  <testcase classname="TestCases.Tests" name="enter_invalid_email" time="1.449"/>
  <testcase classname="TestCases.Tests" name="enter_valid_email" time="6.515"/>
  <testcase classname="TestCases.Tests" name="go_to_HomePage" time="1.793"/>
  <testcase classname="TestCases.Tests" name="entering_health_insurance_details" time="0.757"/>
</testsuite> <!-- TestCases.Tests -->
